{"message":"aqui","level":"error"}
{"message":"aqui2","level":"error"}
{"message":"aqui3","level":"error"}
{"message":"aqui4","level":"error"}
{"message":"aqui5","level":"error"}
{"message":"aqui","level":"error"}
{"message":"aqui2","level":"error"}
{"message":"aqui3","level":"error"}
{"message":"aqui4","level":"error"}
{"message":"aqui5","level":"error"}
{"message":"Error al obtener lista de tokesn caducados. Error: delete from `TokenTemporal` where firstRequest < '2020-08-31 08:15:06.831' - read ETIMEDOUT","level":"error"}
{"message":"Error al obtener token. Error: Undefined binding(s) detected when compiling FIRST query: select * from `TokenTemporal` inner join `TMUsers` on `TMUsers`.`id` = `TokenTemporal`.`user_fk` where `token` = ? limit ?","level":"error"}
{"message":"Error al obtener token. Error: Undefined binding(s) detected when compiling FIRST query: select * from `TokenTemporal` inner join `TMUsers` on `TMUsers`.`id` = `TokenTemporal`.`user_fk` where `token` = ? limit ?","level":"error"}
{"message":"Error al obtener token. Error: Undefined binding(s) detected when compiling FIRST query: select * from `TokenTemporal` inner join `TMUsers` on `TMUsers`.`id` = `TokenTemporal`.`user_fk` where `token` = ? limit ?","level":"error"}
{"message":"Error al obtener token. Error: Undefined binding(s) detected when compiling FIRST query: select * from `TokenTemporal` inner join `TMUsers` on `TMUsers`.`id` = `TokenTemporal`.`user_fk` where `token` = ? limit ?","level":"error"}
{"message":"Error al obtener token. Error: Undefined binding(s) detected when compiling FIRST query: select * from `TokenTemporal` inner join `TMUsers` on `TMUsers`.`id` = `TokenTemporal`.`user_fk` where `token` = ? limit ?","level":"error"}
{"message":"Error al obtener token. Error: Undefined binding(s) detected when compiling FIRST query: select * from `TokenTemporal` inner join `TMUsers` on `TMUsers`.`id` = `TokenTemporal`.`user_fk` where `token` = ? limit ?","level":"error"}
{"message":"Error al obtener token. Error: Undefined binding(s) detected when compiling FIRST query: select * from `TokenTemporal` inner join `TMUsers` on `TMUsers`.`id` = `TokenTemporal`.`user_fk` where `token` = ? limit ?","level":"error"}
{"message":"Error al obtener token. Error: Undefined binding(s) detected when compiling FIRST query: select * from `TokenTemporal` inner join `TMUsers` on `TMUsers`.`id` = `TokenTemporal`.`user_fk` where `token` = ? limit ?","level":"error"}
{"message":"Error al obtener token. Error: Undefined binding(s) detected when compiling FIRST query: select * from `TokenTemporal` inner join `TMUsers` on `TMUsers`.`id` = `TokenTemporal`.`user_fk` where `token` = ? limit ?","level":"error"}
{"message":"Error al obtener token. Error: Undefined binding(s) detected when compiling FIRST query: select * from `TokenTemporal` inner join `TMUsers` on `TMUsers`.`id` = `TokenTemporal`.`user_fk` where `token` = ? limit ?","level":"error"}
{"message":"Error al obtener token. Error: Undefined binding(s) detected when compiling FIRST query: select * from `TokenTemporal` inner join `TMUsers` on `TMUsers`.`id` = `TokenTemporal`.`user_fk` where `token` = ? limit ?","level":"error"}
{"message":"Error al obtener token. Error: Undefined binding(s) detected when compiling FIRST query: select * from `TokenTemporal` inner join `TMUsers` on `TMUsers`.`id` = `TokenTemporal`.`user_fk` where `token` = ? limit ?","level":"error"}
{"message":"Error al obtener token. Error: Undefined binding(s) detected when compiling FIRST query: select * from `TokenTemporal` inner join `TMUsers` on `TMUsers`.`id` = `TokenTemporal`.`user_fk` where `token` = ? limit ?","level":"error"}
{"message":"Error al obtener token. Error: Undefined binding(s) detected when compiling FIRST query: select * from `TokenTemporal` inner join `TMUsers` on `TMUsers`.`id` = `TokenTemporal`.`user_fk` where `token` = ? limit ?","level":"error"}
{"message":"Error al obtener token. Error: Undefined binding(s) detected when compiling FIRST query: select * from `TokenTemporal` inner join `TMUsers` on `TMUsers`.`id` = `TokenTemporal`.`user_fk` where `token` = ? limit ?","level":"error"}
{"message":"Error al obtener token. Error: Undefined binding(s) detected when compiling FIRST query: select * from `TokenTemporal` inner join `TMUsers` on `TMUsers`.`id` = `TokenTemporal`.`user_fk` where `token` = ? limit ?","level":"error"}
{"message":"Error al obtener token. Error: Undefined binding(s) detected when compiling FIRST query: select * from `TokenTemporal` inner join `TMUsers` on `TMUsers`.`id` = `TokenTemporal`.`user_fk` where `token` = ? limit ?","level":"error"}
{"message":"Error al obtener token. Error: Undefined binding(s) detected when compiling FIRST query: select * from `TokenTemporal` inner join `TMUsers` on `TMUsers`.`id` = `TokenTemporal`.`user_fk` where `token` = ? limit ?","level":"error"}
{"message":"Error al obtener token. Error: Undefined binding(s) detected when compiling FIRST query: select * from `TokenTemporal` inner join `TMUsers` on `TMUsers`.`id` = `TokenTemporal`.`user_fk` where `token` = ? limit ?","level":"error"}
{"message":"Error al obtener token. Error: Undefined binding(s) detected when compiling FIRST query: select * from `TokenTemporal` inner join `TMUsers` on `TMUsers`.`id` = `TokenTemporal`.`user_fk` where `token` = ? limit ?","level":"error"}
{"message":"Error al obtener token. Error: Undefined binding(s) detected when compiling FIRST query: select * from `TokenTemporal` inner join `TMUsers` on `TMUsers`.`id` = `TokenTemporal`.`user_fk` where `token` = ? limit ?","level":"error"}
{"message":"Error al obtener token. Error: Undefined binding(s) detected when compiling FIRST query: select * from `TokenTemporal` inner join `TMUsers` on `TMUsers`.`id` = `TokenTemporal`.`user_fk` where `token` = ? limit ?","level":"error"}
{"message":"Error al obtener token. Error: Undefined binding(s) detected when compiling FIRST query: select * from `TokenTemporal` inner join `TMUsers` on `TMUsers`.`id` = `TokenTemporal`.`user_fk` where `token` = ? limit ?","level":"error"}
{"message":"Error al obtener token. Error: Undefined binding(s) detected when compiling FIRST query: select * from `TokenTemporal` inner join `TMUsers` on `TMUsers`.`id` = `TokenTemporal`.`user_fk` where `token` = ? limit ?","level":"error"}
{"message":"Error al obtener token. Error: Undefined binding(s) detected when compiling FIRST query: select * from `TokenTemporal` inner join `TMUsers` on `TMUsers`.`id` = `TokenTemporal`.`user_fk` where `token` = ? limit ?","level":"error"}
{"message":"Error al obtener token. Error: Undefined binding(s) detected when compiling FIRST query: select * from `TokenTemporal` inner join `TMUsers` on `TMUsers`.`id` = `TokenTemporal`.`user_fk` where `token` = ? limit ?","level":"error"}
{"message":"Error al obtener token. Error: Undefined binding(s) detected when compiling FIRST query: select * from `TokenTemporal` inner join `TMUsers` on `TMUsers`.`id` = `TokenTemporal`.`user_fk` where `token` = ? limit ?","level":"error"}
{"message":"Error al obtener token. Error: Undefined binding(s) detected when compiling FIRST query: select * from `TokenTemporal` inner join `TMUsers` on `TMUsers`.`id` = `TokenTemporal`.`user_fk` where `token` = ? limit ?","level":"error"}
{"message":"Error al obtener token. Error: Undefined binding(s) detected when compiling FIRST query: select * from `TokenTemporal` inner join `TMUsers` on `TMUsers`.`id` = `TokenTemporal`.`user_fk` where `token` = ? limit ?","level":"error"}
{"message":"Error al obtener token. Error: Undefined binding(s) detected when compiling FIRST query: select * from `TokenTemporal` inner join `TMUsers` on `TMUsers`.`id` = `TokenTemporal`.`user_fk` where `token` = ? limit ?","level":"error"}
{"message":"Error al obtener token. Error: Undefined binding(s) detected when compiling FIRST query: select * from `TokenTemporal` inner join `TMUsers` on `TMUsers`.`id` = `TokenTemporal`.`user_fk` where `token` = ? limit ?","level":"error"}
{"message":"Error al obtener token. Error: Undefined binding(s) detected when compiling FIRST query: select * from `TokenTemporal` inner join `TMUsers` on `TMUsers`.`id` = `TokenTemporal`.`user_fk` where `token` = ? limit ?","level":"error"}
{"message":"Error al obtener token. Error: Undefined binding(s) detected when compiling FIRST query: select * from `TokenTemporal` inner join `TMUsers` on `TMUsers`.`id` = `TokenTemporal`.`user_fk` where `token` = ? limit ?","level":"error"}
{"message":"Error al obtener token. Error: Undefined binding(s) detected when compiling FIRST query: select * from `TokenTemporal` inner join `TMUsers` on `TMUsers`.`id` = `TokenTemporal`.`user_fk` where `token` = ? limit ?","level":"error"}
{"message":"Error al obtener token. Error: Undefined binding(s) detected when compiling FIRST query: select * from `TokenTemporal` inner join `TMUsers` on `TMUsers`.`id` = `TokenTemporal`.`user_fk` where `token` = ? limit ?","level":"error"}
{"message":"Error al obtener token. Error: Undefined binding(s) detected when compiling FIRST query: select * from `TokenTemporal` inner join `TMUsers` on `TMUsers`.`id` = `TokenTemporal`.`user_fk` where `token` = ? limit ?","level":"error"}
{"message":"Error al obtener token. Error: Undefined binding(s) detected when compiling FIRST query: select * from `TokenTemporal` inner join `TMUsers` on `TMUsers`.`id` = `TokenTemporal`.`user_fk` where `token` = ? limit ?","level":"error"}
{"message":"Error al obtener token. Error: Undefined binding(s) detected when compiling FIRST query: select * from `TokenTemporal` inner join `TMUsers` on `TMUsers`.`id` = `TokenTemporal`.`user_fk` where `token` = ? limit ?","level":"error"}
{"message":"Error al obtener token. Error: Undefined binding(s) detected when compiling FIRST query: select * from `TokenTemporal` inner join `TMUsers` on `TMUsers`.`id` = `TokenTemporal`.`user_fk` where `token` = ? limit ?","level":"error"}
{"message":"Error al obtener token. Error: Undefined binding(s) detected when compiling FIRST query: select * from `TokenTemporal` inner join `TMUsers` on `TMUsers`.`id` = `TokenTemporal`.`user_fk` where `token` = ? limit ?","level":"error"}
{"message":"Error al obtener token. Error: Undefined binding(s) detected when compiling FIRST query: select * from `TokenTemporal` inner join `TMUsers` on `TMUsers`.`id` = `TokenTemporal`.`user_fk` where `token` = ? limit ?","level":"error"}
{"message":"Error al obtener token. Error: Undefined binding(s) detected when compiling FIRST query: select * from `TokenTemporal` inner join `TMUsers` on `TMUsers`.`id` = `TokenTemporal`.`user_fk` where `token` = ? limit ?","level":"error"}
{"message":"Error al obtener token. Error: Undefined binding(s) detected when compiling FIRST query: select * from `TokenTemporal` inner join `TMUsers` on `TMUsers`.`id` = `TokenTemporal`.`user_fk` where `token` = ? limit ?","level":"error"}
{"message":"Error al obtener token. Error: Undefined binding(s) detected when compiling FIRST query: select * from `TokenTemporal` inner join `TMUsers` on `TMUsers`.`id` = `TokenTemporal`.`user_fk` where `token` = ? limit ?","level":"error"}
{"message":"Error al obtener token. Error: Undefined binding(s) detected when compiling FIRST query: select * from `TokenTemporal` inner join `TMUsers` on `TMUsers`.`id` = `TokenTemporal`.`user_fk` where `token` = ? limit ?","level":"error"}
{"message":"Error al obtener token. Error: Undefined binding(s) detected when compiling FIRST query: select * from `TokenTemporal` inner join `TMUsers` on `TMUsers`.`id` = `TokenTemporal`.`user_fk` where `token` = ? limit ?","level":"error"}
{"message":"Error al obtener token. Error: Undefined binding(s) detected when compiling FIRST query: select * from `TokenTemporal` inner join `TMUsers` on `TMUsers`.`id` = `TokenTemporal`.`user_fk` where `token` = ? limit ?","level":"error"}
{"message":"Error al obtener token. Error: Undefined binding(s) detected when compiling FIRST query: select * from `TokenTemporal` inner join `TMUsers` on `TMUsers`.`id` = `TokenTemporal`.`user_fk` where `token` = ? limit ?","level":"error"}
{"message":"Error al obtener token. Error: Undefined binding(s) detected when compiling FIRST query: select * from `TokenTemporal` inner join `TMUsers` on `TMUsers`.`id` = `TokenTemporal`.`user_fk` where `token` = ? limit ?","level":"error"}
{"message":"Error al obtener token. Error: Undefined binding(s) detected when compiling FIRST query: select * from `TokenTemporal` inner join `TMUsers` on `TMUsers`.`id` = `TokenTemporal`.`user_fk` where `token` = ? limit ?","level":"error"}
{"message":"Error al obtener token. Error: Undefined binding(s) detected when compiling FIRST query: select * from `TokenTemporal` inner join `TMUsers` on `TMUsers`.`id` = `TokenTemporal`.`user_fk` where `token` = ? limit ?","level":"error"}
{"message":"Error al obtener token. Error: Undefined binding(s) detected when compiling FIRST query: select * from `TokenTemporal` inner join `TMUsers` on `TMUsers`.`id` = `TokenTemporal`.`user_fk` where `token` = ? limit ?","level":"error"}
{"message":"Error al obtener token. Error: Undefined binding(s) detected when compiling FIRST query: select * from `TokenTemporal` inner join `TMUsers` on `TMUsers`.`id` = `TokenTemporal`.`user_fk` where `token` = ? limit ?","level":"error"}
{"message":"Error al obtener token. Error: Undefined binding(s) detected when compiling FIRST query: select * from `TokenTemporal` inner join `TMUsers` on `TMUsers`.`id` = `TokenTemporal`.`user_fk` where `token` = ? limit ?","level":"error"}
{"message":"Error al obtener token. Error: Undefined binding(s) detected when compiling FIRST query: select * from `TokenTemporal` inner join `TMUsers` on `TMUsers`.`id` = `TokenTemporal`.`user_fk` where `token` = ? limit ?","level":"error"}
{"message":"Error al obtener token. Error: Undefined binding(s) detected when compiling FIRST query: select * from `TokenTemporal` inner join `TMUsers` on `TMUsers`.`id` = `TokenTemporal`.`user_fk` where `token` = ? limit ?","level":"error"}
{"message":"Error al obtener token. Error: Undefined binding(s) detected when compiling FIRST query: select * from `TokenTemporal` inner join `TMUsers` on `TMUsers`.`id` = `TokenTemporal`.`user_fk` where `token` = ? limit ?","level":"error"}
{"message":"Error al obtener token. Error: Undefined binding(s) detected when compiling FIRST query: select * from `TokenTemporal` inner join `TMUsers` on `TMUsers`.`id` = `TokenTemporal`.`user_fk` where `token` = ? limit ?","level":"error"}
{"message":"Error al obtener token. Error: Undefined binding(s) detected when compiling FIRST query: select * from `TokenTemporal` inner join `TMUsers` on `TMUsers`.`id` = `TokenTemporal`.`user_fk` where `token` = ? limit ?","level":"error"}
{"message":"Error al obtener token. Error: Undefined binding(s) detected when compiling FIRST query: select * from `TokenTemporal` inner join `TMUsers` on `TMUsers`.`id` = `TokenTemporal`.`user_fk` where `token` = ? limit ?","level":"error"}
{"message":"Error al obtener token. Error: Undefined binding(s) detected when compiling FIRST query: select * from `TokenTemporal` inner join `TMUsers` on `TMUsers`.`id` = `TokenTemporal`.`user_fk` where `token` = ? limit ?","level":"error"}
{"message":"Error al obtener token. Error: Undefined binding(s) detected when compiling FIRST query: select * from `TokenTemporal` inner join `TMUsers` on `TMUsers`.`id` = `TokenTemporal`.`user_fk` where `token` = ? limit ?","level":"error"}
{"message":"Error al obtener token. Error: Undefined binding(s) detected when compiling FIRST query: select * from `TokenTemporal` inner join `TMUsers` on `TMUsers`.`id` = `TokenTemporal`.`user_fk` where `token` = ? limit ?","level":"error"}
{"message":"Error al obtener token. Error: Undefined binding(s) detected when compiling FIRST query: select * from `TokenTemporal` inner join `TMUsers` on `TMUsers`.`id` = `TokenTemporal`.`user_fk` where `token` = ? limit ?","level":"error"}
{"message":"Error al obtener token. Error: Undefined binding(s) detected when compiling FIRST query: select * from `TokenTemporal` inner join `TMUsers` on `TMUsers`.`id` = `TokenTemporal`.`user_fk` where `token` = ? limit ?","level":"error"}
{"message":"Error al obtener token. Error: Undefined binding(s) detected when compiling FIRST query: select * from `TokenTemporal` inner join `TMUsers` on `TMUsers`.`id` = `TokenTemporal`.`user_fk` where `token` = ? limit ?","level":"error"}
{"message":"Error al obtener token. Error: Undefined binding(s) detected when compiling FIRST query: select * from `TokenTemporal` inner join `TMUsers` on `TMUsers`.`id` = `TokenTemporal`.`user_fk` where `token` = ? limit ?","level":"error"}
{"message":"Error al obtener token. Error: Undefined binding(s) detected when compiling FIRST query: select * from `TokenTemporal` inner join `TMUsers` on `TMUsers`.`id` = `TokenTemporal`.`user_fk` where `token` = ? limit ?","level":"error"}
{"message":"Error al obtener token. Error: Undefined binding(s) detected when compiling FIRST query: select * from `TokenTemporal` inner join `TMUsers` on `TMUsers`.`id` = `TokenTemporal`.`user_fk` where `token` = ? limit ?","level":"error"}
{"message":"Error al obtener token. Error: Undefined binding(s) detected when compiling FIRST query: select * from `TokenTemporal` inner join `TMUsers` on `TMUsers`.`id` = `TokenTemporal`.`user_fk` where `token` = ? limit ?","level":"error"}
{"message":"Error al obtener token. Error: Undefined binding(s) detected when compiling FIRST query: select * from `TokenTemporal` inner join `TMUsers` on `TMUsers`.`id` = `TokenTemporal`.`user_fk` where `token` = ? limit ?","level":"error"}
{"message":"Error al obtener token. Error: Undefined binding(s) detected when compiling FIRST query: select * from `TokenTemporal` inner join `TMUsers` on `TMUsers`.`id` = `TokenTemporal`.`user_fk` where `token` = ? limit ?","level":"error"}
{"message":"Error al obtener token. Error: Undefined binding(s) detected when compiling FIRST query: select * from `TokenTemporal` inner join `TMUsers` on `TMUsers`.`id` = `TokenTemporal`.`user_fk` where `token` = ? limit ?","level":"error"}
{"message":"Error al obtener token. Error: Undefined binding(s) detected when compiling FIRST query: select * from `TokenTemporal` inner join `TMUsers` on `TMUsers`.`id` = `TokenTemporal`.`user_fk` where `token` = ? limit ?","level":"error"}
{"message":"Error al obtener token. Error: Undefined binding(s) detected when compiling FIRST query: select * from `TokenTemporal` inner join `TMUsers` on `TMUsers`.`id` = `TokenTemporal`.`user_fk` where `token` = ? limit ?","level":"error"}
{"message":"Error al obtener token. Error: Undefined binding(s) detected when compiling FIRST query: select * from `TokenTemporal` inner join `TMUsers` on `TMUsers`.`id` = `TokenTemporal`.`user_fk` where `token` = ? limit ?","level":"error"}
{"message":"Error al obtener token. Error: Undefined binding(s) detected when compiling FIRST query: select * from `TokenTemporal` inner join `TMUsers` on `TMUsers`.`id` = `TokenTemporal`.`user_fk` where `token` = ? limit ?","level":"error"}
{"message":"Error al obtener token. Error: Undefined binding(s) detected when compiling FIRST query: select * from `TokenTemporal` inner join `TMUsers` on `TMUsers`.`id` = `TokenTemporal`.`user_fk` where `token` = ? limit ?","level":"error"}
{"message":"Error al obtener token. Error: Undefined binding(s) detected when compiling FIRST query: select * from `TokenTemporal` inner join `TMUsers` on `TMUsers`.`id` = `TokenTemporal`.`user_fk` where `token` = ? limit ?","level":"error"}
{"message":"Error al obtener token. Error: Undefined binding(s) detected when compiling FIRST query: select * from `TokenTemporal` inner join `TMUsers` on `TMUsers`.`id` = `TokenTemporal`.`user_fk` where `token` = ? limit ?","level":"error"}
{"message":"Error al obtener token. Error: Undefined binding(s) detected when compiling FIRST query: select * from `TokenTemporal` inner join `TMUsers` on `TMUsers`.`id` = `TokenTemporal`.`user_fk` where `token` = ? limit ?","level":"error"}
{"message":"Error al obtener token. Error: Undefined binding(s) detected when compiling FIRST query: select * from `TokenTemporal` inner join `TMUsers` on `TMUsers`.`id` = `TokenTemporal`.`user_fk` where `token` = ? limit ?","level":"error"}
{"message":"Error al obtener token. Error: Undefined binding(s) detected when compiling FIRST query: select * from `TokenTemporal` inner join `TMUsers` on `TMUsers`.`id` = `TokenTemporal`.`user_fk` where `token` = ? limit ?","level":"error"}
{"message":"Error al obtener token. Error: Undefined binding(s) detected when compiling FIRST query: select * from `TokenTemporal` inner join `TMUsers` on `TMUsers`.`id` = `TokenTemporal`.`user_fk` where `token` = ? limit ?","level":"error"}
{"message":"Error al obtener token. Error: Undefined binding(s) detected when compiling FIRST query: select * from `TokenTemporal` inner join `TMUsers` on `TMUsers`.`id` = `TokenTemporal`.`user_fk` where `token` = ? limit ?","level":"error"}
{"message":"Error al obtener token. Error: Undefined binding(s) detected when compiling FIRST query: select * from `TokenTemporal` inner join `TMUsers` on `TMUsers`.`id` = `TokenTemporal`.`user_fk` where `token` = ? limit ?","level":"error"}
{"message":"Error al obtener token. Error: Undefined binding(s) detected when compiling FIRST query: select * from `TokenTemporal` inner join `TMUsers` on `TMUsers`.`id` = `TokenTemporal`.`user_fk` where `token` = ? limit ?","level":"error"}
{"message":"Error al obtener token. Error: Undefined binding(s) detected when compiling FIRST query: select * from `TokenTemporal` inner join `TMUsers` on `TMUsers`.`id` = `TokenTemporal`.`user_fk` where `token` = ? limit ?","level":"error"}
{"message":"Error al obtener token. Error: Undefined binding(s) detected when compiling FIRST query: select * from `TokenTemporal` inner join `TMUsers` on `TMUsers`.`id` = `TokenTemporal`.`user_fk` where `token` = ? limit ?","level":"error"}
{"message":"Error al obtener token. Error: Undefined binding(s) detected when compiling FIRST query: select * from `TokenTemporal` inner join `TMUsers` on `TMUsers`.`id` = `TokenTemporal`.`user_fk` where `token` = ? limit ?","level":"error"}
{"message":"Error al obtener token. Error: Undefined binding(s) detected when compiling FIRST query: select * from `TokenTemporal` inner join `TMUsers` on `TMUsers`.`id` = `TokenTemporal`.`user_fk` where `token` = ? limit ?","level":"error"}
{"message":"Error al obtener token. Error: Undefined binding(s) detected when compiling FIRST query: select * from `TokenTemporal` inner join `TMUsers` on `TMUsers`.`id` = `TokenTemporal`.`user_fk` where `token` = ? limit ?","level":"error"}
{"message":"Error al obtener token. Error: Undefined binding(s) detected when compiling FIRST query: select * from `TokenTemporal` inner join `TMUsers` on `TMUsers`.`id` = `TokenTemporal`.`user_fk` where `token` = ? limit ?","level":"error"}
{"message":"Error al obtener token. Error: Undefined binding(s) detected when compiling FIRST query: select * from `TokenTemporal` inner join `TMUsers` on `TMUsers`.`id` = `TokenTemporal`.`user_fk` where `token` = ? limit ?","level":"error"}
{"message":"Error al obtener token. Error: Undefined binding(s) detected when compiling FIRST query: select * from `TokenTemporal` inner join `TMUsers` on `TMUsers`.`id` = `TokenTemporal`.`user_fk` where `token` = ? limit ?","level":"error"}
{"message":"Error al obtener token. Error: Undefined binding(s) detected when compiling FIRST query: select * from `TokenTemporal` inner join `TMUsers` on `TMUsers`.`id` = `TokenTemporal`.`user_fk` where `token` = ? limit ?","level":"error"}
{"message":"Error al obtener token. Error: Undefined binding(s) detected when compiling FIRST query: select * from `TokenTemporal` inner join `TMUsers` on `TMUsers`.`id` = `TokenTemporal`.`user_fk` where `token` = ? limit ?","level":"error"}
{"message":"Error al obtener token. Error: Undefined binding(s) detected when compiling FIRST query: select * from `TokenTemporal` inner join `TMUsers` on `TMUsers`.`id` = `TokenTemporal`.`user_fk` where `token` = ? limit ?","level":"error"}
{"message":"Error al obtener token. Error: Undefined binding(s) detected when compiling FIRST query: select * from `TokenTemporal` inner join `TMUsers` on `TMUsers`.`id` = `TokenTemporal`.`user_fk` where `token` = ? limit ?","level":"error"}
{"message":"Error al obtener token. Error: Undefined binding(s) detected when compiling FIRST query: select * from `TokenTemporal` inner join `TMUsers` on `TMUsers`.`id` = `TokenTemporal`.`user_fk` where `token` = ? limit ?","level":"error"}
{"message":"Error al obtener token. Error: Undefined binding(s) detected when compiling FIRST query: select * from `TokenTemporal` inner join `TMUsers` on `TMUsers`.`id` = `TokenTemporal`.`user_fk` where `token` = ? limit ?","level":"error"}
{"message":"Error al obtener token. Error: Undefined binding(s) detected when compiling FIRST query: select * from `TokenTemporal` inner join `TMUsers` on `TMUsers`.`id` = `TokenTemporal`.`user_fk` where `token` = ? limit ?","level":"error"}
{"message":"Error al obtener token. Error: Undefined binding(s) detected when compiling FIRST query: select * from `TokenTemporal` inner join `TMUsers` on `TMUsers`.`id` = `TokenTemporal`.`user_fk` where `token` = ? limit ?","level":"error"}
{"message":"Error al obtener token. Error: Undefined binding(s) detected when compiling FIRST query: select * from `TokenTemporal` inner join `TMUsers` on `TMUsers`.`id` = `TokenTemporal`.`user_fk` where `token` = ? limit ?","level":"error"}
{"message":"Error al obtener token. Error: Undefined binding(s) detected when compiling FIRST query: select * from `TokenTemporal` inner join `TMUsers` on `TMUsers`.`id` = `TokenTemporal`.`user_fk` where `token` = ? limit ?","level":"error"}
{"message":"Error al obtener token. Error: Undefined binding(s) detected when compiling FIRST query: select * from `TokenTemporal` inner join `TMUsers` on `TMUsers`.`id` = `TokenTemporal`.`user_fk` where `token` = ? limit ?","level":"error"}
{"message":"Error al obtener token. Error: Undefined binding(s) detected when compiling FIRST query: select * from `TokenTemporal` inner join `TMUsers` on `TMUsers`.`id` = `TokenTemporal`.`user_fk` where `token` = ? limit ?","level":"error"}
{"message":"Error al obtener token. Error: Undefined binding(s) detected when compiling FIRST query: select * from `TokenTemporal` inner join `TMUsers` on `TMUsers`.`id` = `TokenTemporal`.`user_fk` where `token` = ? limit ?","level":"error"}
{"message":"Error al obtener token. Error: Undefined binding(s) detected when compiling FIRST query: select * from `TokenTemporal` inner join `TMUsers` on `TMUsers`.`id` = `TokenTemporal`.`user_fk` where `token` = ? limit ?","level":"error"}
{"message":"Error al obtener token. Error: Undefined binding(s) detected when compiling FIRST query: select * from `TokenTemporal` inner join `TMUsers` on `TMUsers`.`id` = `TokenTemporal`.`user_fk` where `token` = ? limit ?","level":"error"}
{"message":"Error al obtener token. Error: Undefined binding(s) detected when compiling FIRST query: select * from `TokenTemporal` inner join `TMUsers` on `TMUsers`.`id` = `TokenTemporal`.`user_fk` where `token` = ? limit ?","level":"error"}
{"message":"Error al obtener token. Error: Undefined binding(s) detected when compiling FIRST query: select * from `TokenTemporal` inner join `TMUsers` on `TMUsers`.`id` = `TokenTemporal`.`user_fk` where `token` = ? limit ?","level":"error"}
{"message":"Error al obtener token. Error: Undefined binding(s) detected when compiling FIRST query: select * from `TokenTemporal` inner join `TMUsers` on `TMUsers`.`id` = `TokenTemporal`.`user_fk` where `token` = ? limit ?","level":"error"}
{"message":"Error al obtener token. Error: Undefined binding(s) detected when compiling FIRST query: select * from `TokenTemporal` inner join `TMUsers` on `TMUsers`.`id` = `TokenTemporal`.`user_fk` where `token` = ? limit ?","level":"error"}
{"message":"Error al obtener token. Error: Undefined binding(s) detected when compiling FIRST query: select * from `TokenTemporal` inner join `TMUsers` on `TMUsers`.`id` = `TokenTemporal`.`user_fk` where `token` = ? limit ?","level":"error"}
{"message":"Error al obtener token. Error: Undefined binding(s) detected when compiling FIRST query: select * from `TokenTemporal` inner join `TMUsers` on `TMUsers`.`id` = `TokenTemporal`.`user_fk` where `token` = ? limit ?","level":"error"}
{"message":"Error al obtener token. Error: Undefined binding(s) detected when compiling FIRST query: select * from `TokenTemporal` inner join `TMUsers` on `TMUsers`.`id` = `TokenTemporal`.`user_fk` where `token` = ? limit ?","level":"error"}
{"message":"Error al obtener token. Error: Undefined binding(s) detected when compiling FIRST query: select * from `TokenTemporal` inner join `TMUsers` on `TMUsers`.`id` = `TokenTemporal`.`user_fk` where `token` = ? limit ?","level":"error"}
{"message":"Error al obtener token. Error: Undefined binding(s) detected when compiling FIRST query: select * from `TokenTemporal` inner join `TMUsers` on `TMUsers`.`id` = `TokenTemporal`.`user_fk` where `token` = ? limit ?","level":"error"}
{"message":"Error al obtener token. Error: Undefined binding(s) detected when compiling FIRST query: select * from `TokenTemporal` inner join `TMUsers` on `TMUsers`.`id` = `TokenTemporal`.`user_fk` where `token` = ? limit ?","level":"error"}
{"message":"Error al obtener token. Error: Undefined binding(s) detected when compiling FIRST query: select * from `TokenTemporal` inner join `TMUsers` on `TMUsers`.`id` = `TokenTemporal`.`user_fk` where `token` = ? limit ?","level":"error"}
{"message":"Error al obtener token. Error: Undefined binding(s) detected when compiling FIRST query: select * from `TokenTemporal` inner join `TMUsers` on `TMUsers`.`id` = `TokenTemporal`.`user_fk` where `token` = ? limit ?","level":"error"}
{"message":"Error al obtener token. Error: Undefined binding(s) detected when compiling FIRST query: select * from `TokenTemporal` inner join `TMUsers` on `TMUsers`.`id` = `TokenTemporal`.`user_fk` where `token` = ? limit ?","level":"error"}
{"message":"Error al obtener token. Error: Undefined binding(s) detected when compiling FIRST query: select * from `TokenTemporal` inner join `TMUsers` on `TMUsers`.`id` = `TokenTemporal`.`user_fk` where `token` = ? limit ?","level":"error"}
{"message":"Error al obtener token. Error: Undefined binding(s) detected when compiling FIRST query: select * from `TokenTemporal` inner join `TMUsers` on `TMUsers`.`id` = `TokenTemporal`.`user_fk` where `token` = ? limit ?","level":"error"}
{"message":"Error al obtener token. Error: Undefined binding(s) detected when compiling FIRST query: select * from `TokenTemporal` inner join `TMUsers` on `TMUsers`.`id` = `TokenTemporal`.`user_fk` where `token` = ? limit ?","level":"error"}
{"message":"Error al obtener lista de tokesn caducados. Error: delete from `TokenTemporal` where firstRequest < '2020-08-31 12:42:11.928' - read ETIMEDOUT","level":"error"}
{"message":"Error al obtener lista de tokesn caducados. Error: connect ETIMEDOUT","level":"error"}
